[2022-08-24 10:29:01] [INFO]    [OmnipathR] Initialized cache: `/home/christian/.cache/OmnipathR`.
[2022-08-24 10:29:01] [INFO]    [OmnipathR] Welcome to OmnipathR!
[2022-08-24 10:29:05] [INFO]    [OmnipathR] Cache record does not exist: `https://omnipathdb.org/annotations?resources=PROGENy&license=academic`
[2022-08-24 10:29:05] [INFO]    [OmnipathR] Retrieving URL: `https://omnipathdb.org/annotations?resources=PROGENy&license=academic`
[2022-08-24 10:29:05] [TRACE]   [OmnipathR] Attempt 1/3: `https://omnipathdb.org/annotations?resources=PROGENy&license=academic`
[2022-08-24 10:29:09] [INFO]    [OmnipathR] Cache item `3492392585ba05414edfae46801492076437d7e7` version 1: status changed from `unknown` to `started`.
[2022-08-24 10:29:09] [TRACE]   [OmnipathR] Exporting object to RDS: `/home/christian/.cache/OmnipathR/3492392585ba05414edfae46801492076437d7e7-1.rds`.
[2022-08-24 10:29:12] [TRACE]   [OmnipathR] Exported RDS to `/home/christian/.cache/OmnipathR/3492392585ba05414edfae46801492076437d7e7-1.rds`.
[2022-08-24 10:29:12] [INFO]    [OmnipathR] Download ready [key=3492392585ba05414edfae46801492076437d7e7, version=1]
[2022-08-24 10:29:12] [INFO]    [OmnipathR] Cache item `3492392585ba05414edfae46801492076437d7e7` version 1: status changed from `started` to `ready`.
[2022-08-24 10:29:12] [SUCCESS] [OmnipathR] Downloaded 700257 annotation records.
[2022-08-24 10:29:14] [INFO]    [OmnipathR] Loading database `Ensembl organism names`.
[2022-08-24 10:29:14] [INFO]    [OmnipathR] Looking up in cache `https://www.ensembl.org/info/about/species.html`: key=7332486db7400730697234bad76ca0c8e4d00799, no version available.
[2022-08-24 10:29:14] [INFO]    [OmnipathR] Created new version for cache record 7332486db7400730697234bad76ca0c8e4d00799: version 1.
[2022-08-24 10:29:14] [TRACE]   [OmnipathR] Cache file path: /home/christian/.cache/OmnipathR/7332486db7400730697234bad76ca0c8e4d00799-1.html
[2022-08-24 10:29:14] [INFO]    [OmnipathR] Retrieving URL: `https://www.ensembl.org/info/about/species.html`
[2022-08-24 10:29:14] [TRACE]   [OmnipathR] Attempt 1/3: `https://www.ensembl.org/info/about/species.html`
[2022-08-24 10:29:14] [TRACE]   [OmnipathR] HTTP 200
[2022-08-24 10:29:14] [INFO]    [OmnipathR] Download ready [key=7332486db7400730697234bad76ca0c8e4d00799, version=1]
[2022-08-24 10:29:14] [INFO]    [OmnipathR] Cache item `7332486db7400730697234bad76ca0c8e4d00799` version 1: status changed from `unknown` to `ready`.
[2022-08-24 10:29:15] [INFO]    [OmnipathR] Loaded database `Ensembl organism names`.
[2022-08-24 10:29:15] [TRACE]   [OmnipathR] Looking up in cache: `https://ftp.ncbi.nih.gov/pub/HomoloGene/current/homologene.data`.
[2022-08-24 10:29:15] [INFO]    [OmnipathR] Cache record does not exist: `https://ftp.ncbi.nih.gov/pub/HomoloGene/current/homologene.data`
[2022-08-24 10:29:15] [TRACE]   [OmnipathR] Could not find in cache, initiating download: `https://ftp.ncbi.nih.gov/pub/HomoloGene/current/homologene.data`.
[2022-08-24 10:29:15] [INFO]    [OmnipathR] Cache item `2ccc1998f0ab26ea421885e1334896d25db4554f` version 1: status changed from `unknown` to `started`.
[2022-08-24 10:29:15] [TRACE]   [OmnipathR] Exporting object to RDS: `/home/christian/.cache/OmnipathR/2ccc1998f0ab26ea421885e1334896d25db4554f-1.rds`.
[2022-08-24 10:29:15] [INFO]    [OmnipathR] Retrieving URL: `https://ftp.ncbi.nih.gov/pub/HomoloGene/current/homologene.data`
[2022-08-24 10:29:15] [TRACE]   [OmnipathR] Attempt 1/3: `https://ftp.ncbi.nih.gov/pub/HomoloGene/current/homologene.data`
[2022-08-24 10:29:28] [TRACE]   [OmnipathR] Exported RDS to `/home/christian/.cache/OmnipathR/2ccc1998f0ab26ea421885e1334896d25db4554f-1.rds`.
[2022-08-24 10:29:28] [INFO]    [OmnipathR] Download ready [key=2ccc1998f0ab26ea421885e1334896d25db4554f, version=1]
[2022-08-24 10:29:28] [INFO]    [OmnipathR] Cache item `2ccc1998f0ab26ea421885e1334896d25db4554f` version 1: status changed from `started` to `ready`.
[2022-08-24 10:29:28] [SUCCESS] [OmnipathR] NCBI HomoloGene (ftp.ncbi.nih.gov): downloaded 275237 records
[2022-08-24 10:29:28] [TRACE]   [OmnipathR] ID translation table: from `genesymbol` to `uniprot`, using `uniprot`.
[2022-08-24 10:29:28] [TRACE]   [OmnipathR] Creating ID mapping table from `genes(PREFERRED)` to `id`, for organism 9606 (only reviewed: TRUE)
[2022-08-24 10:29:28] [TRACE]   [OmnipathR] Loading all UniProt records for organism 9606 (only reviewed: TRUE); fields: genes(PREFERRED),id
[2022-08-24 10:29:28] [TRACE]   [OmnipathR] Looking up in cache: `https://legacy.uniprot.org/uniprot/?query=*&format=tab&force=true&columns=genes(PREFERRED),id&fil=organism:9606%20AND%20reviewed:yes&compress=no`.
[2022-08-24 10:29:28] [INFO]    [OmnipathR] Cache record does not exist: `https://legacy.uniprot.org/uniprot/?query=*&format=tab&force=true&columns=genes(PREFERRED),id&fil=organism:9606%20AND%20reviewed:yes&compress=no`
[2022-08-24 10:29:28] [TRACE]   [OmnipathR] Could not find in cache, initiating download: `https://legacy.uniprot.org/uniprot/?query=*&format=tab&force=true&columns=genes(PREFERRED),id&fil=organism:9606%20AND%20reviewed:yes&compress=no`.
[2022-08-24 10:29:28] [INFO]    [OmnipathR] Cache item `5745c7e161d60f14153a3762e978cf882b30bf01` version 1: status changed from `unknown` to `started`.
[2022-08-24 10:29:28] [TRACE]   [OmnipathR] Exporting object to RDS: `/home/christian/.cache/OmnipathR/5745c7e161d60f14153a3762e978cf882b30bf01-1.rds`.
[2022-08-24 10:29:28] [INFO]    [OmnipathR] Retrieving URL: `https://legacy.uniprot.org/uniprot/?query=*&format=tab&force=true&columns=genes(PREFERRED),id&fil=organism:9606%20AND%20reviewed:yes&compress=no`
[2022-08-24 10:29:28] [TRACE]   [OmnipathR] Attempt 1/3: `https://legacy.uniprot.org/uniprot/?query=*&format=tab&force=true&columns=genes(PREFERRED),id&fil=organism:9606%20AND%20reviewed:yes&compress=no`
[2022-08-24 10:29:35] [TRACE]   [OmnipathR] Exported RDS to `/home/christian/.cache/OmnipathR/5745c7e161d60f14153a3762e978cf882b30bf01-1.rds`.
[2022-08-24 10:29:35] [INFO]    [OmnipathR] Download ready [key=5745c7e161d60f14153a3762e978cf882b30bf01, version=1]
[2022-08-24 10:29:35] [INFO]    [OmnipathR] Cache item `5745c7e161d60f14153a3762e978cf882b30bf01` version 1: status changed from `started` to `ready`.
[2022-08-24 10:29:35] [SUCCESS] [OmnipathR] UniProt (legacy.uniprot.org): downloaded 20398 records
[2022-08-24 10:29:36] [TRACE]   [OmnipathR] ID translation table: from `genesymbol` to `uniprot`, using `uniprot`.
[2022-08-24 10:29:36] [TRACE]   [OmnipathR] Creating ID mapping table from `genes(PREFERRED)` to `id`, for organism 10116 (only reviewed: TRUE)
[2022-08-24 10:29:36] [TRACE]   [OmnipathR] Loading all UniProt records for organism 10116 (only reviewed: TRUE); fields: genes(PREFERRED),id
[2022-08-24 10:29:36] [TRACE]   [OmnipathR] Looking up in cache: `https://legacy.uniprot.org/uniprot/?query=*&format=tab&force=true&columns=genes(PREFERRED),id&fil=organism:10116%20AND%20reviewed:yes&compress=no`.
[2022-08-24 10:29:36] [INFO]    [OmnipathR] Cache record does not exist: `https://legacy.uniprot.org/uniprot/?query=*&format=tab&force=true&columns=genes(PREFERRED),id&fil=organism:10116%20AND%20reviewed:yes&compress=no`
[2022-08-24 10:29:36] [TRACE]   [OmnipathR] Could not find in cache, initiating download: `https://legacy.uniprot.org/uniprot/?query=*&format=tab&force=true&columns=genes(PREFERRED),id&fil=organism:10116%20AND%20reviewed:yes&compress=no`.
[2022-08-24 10:29:36] [INFO]    [OmnipathR] Cache item `bd4863670563624f4aff5469966f0ef06833d425` version 1: status changed from `unknown` to `started`.
[2022-08-24 10:29:36] [TRACE]   [OmnipathR] Exporting object to RDS: `/home/christian/.cache/OmnipathR/bd4863670563624f4aff5469966f0ef06833d425-1.rds`.
[2022-08-24 10:29:36] [INFO]    [OmnipathR] Retrieving URL: `https://legacy.uniprot.org/uniprot/?query=*&format=tab&force=true&columns=genes(PREFERRED),id&fil=organism:10116%20AND%20reviewed:yes&compress=no`
[2022-08-24 10:29:36] [TRACE]   [OmnipathR] Attempt 1/3: `https://legacy.uniprot.org/uniprot/?query=*&format=tab&force=true&columns=genes(PREFERRED),id&fil=organism:10116%20AND%20reviewed:yes&compress=no`
[2022-08-24 10:29:47] [TRACE]   [OmnipathR] Exported RDS to `/home/christian/.cache/OmnipathR/bd4863670563624f4aff5469966f0ef06833d425-1.rds`.
[2022-08-24 10:29:47] [INFO]    [OmnipathR] Download ready [key=bd4863670563624f4aff5469966f0ef06833d425, version=1]
[2022-08-24 10:29:47] [INFO]    [OmnipathR] Cache item `bd4863670563624f4aff5469966f0ef06833d425` version 1: status changed from `started` to `ready`.
[2022-08-24 10:29:47] [SUCCESS] [OmnipathR] UniProt (legacy.uniprot.org): downloaded 8160 records
[2022-08-24 10:30:10] [TRACE]   [OmnipathR] ID translation table: from `uniprot` to `genesymbol`, using `uniprot`.
[2022-08-24 10:30:10] [TRACE]   [OmnipathR] Creating ID mapping table from `id` to `genes(PREFERRED)`, for organism 10116 (only reviewed: TRUE)
[2022-08-24 10:30:10] [TRACE]   [OmnipathR] Loading all UniProt records for organism 10116 (only reviewed: TRUE); fields: id,genes(PREFERRED)
[2022-08-24 10:30:10] [TRACE]   [OmnipathR] Looking up in cache: `https://legacy.uniprot.org/uniprot/?query=*&format=tab&force=true&columns=id,genes(PREFERRED)&fil=organism:10116%20AND%20reviewed:yes&compress=no`.
[2022-08-24 10:30:10] [INFO]    [OmnipathR] Cache record does not exist: `https://legacy.uniprot.org/uniprot/?query=*&format=tab&force=true&columns=id,genes(PREFERRED)&fil=organism:10116%20AND%20reviewed:yes&compress=no`
[2022-08-24 10:30:10] [TRACE]   [OmnipathR] Could not find in cache, initiating download: `https://legacy.uniprot.org/uniprot/?query=*&format=tab&force=true&columns=id,genes(PREFERRED)&fil=organism:10116%20AND%20reviewed:yes&compress=no`.
[2022-08-24 10:30:10] [INFO]    [OmnipathR] Cache item `13e562cc918b5226343ec314c33bee5c6e514e1f` version 1: status changed from `unknown` to `started`.
[2022-08-24 10:30:10] [TRACE]   [OmnipathR] Exporting object to RDS: `/home/christian/.cache/OmnipathR/13e562cc918b5226343ec314c33bee5c6e514e1f-1.rds`.
[2022-08-24 10:30:10] [INFO]    [OmnipathR] Retrieving URL: `https://legacy.uniprot.org/uniprot/?query=*&format=tab&force=true&columns=id,genes(PREFERRED)&fil=organism:10116%20AND%20reviewed:yes&compress=no`
[2022-08-24 10:30:10] [TRACE]   [OmnipathR] Attempt 1/3: `https://legacy.uniprot.org/uniprot/?query=*&format=tab&force=true&columns=id,genes(PREFERRED)&fil=organism:10116%20AND%20reviewed:yes&compress=no`
[2022-08-24 10:30:12] [TRACE]   [OmnipathR] Exported RDS to `/home/christian/.cache/OmnipathR/13e562cc918b5226343ec314c33bee5c6e514e1f-1.rds`.
[2022-08-24 10:30:12] [INFO]    [OmnipathR] Download ready [key=13e562cc918b5226343ec314c33bee5c6e514e1f, version=1]
[2022-08-24 10:30:12] [INFO]    [OmnipathR] Cache item `13e562cc918b5226343ec314c33bee5c6e514e1f` version 1: status changed from `started` to `ready`.
[2022-08-24 10:30:12] [SUCCESS] [OmnipathR] UniProt (legacy.uniprot.org): downloaded 8160 records
[2022-08-24 13:30:12] [TRACE]   [OmnipathR] Removing database `Ensembl organism names` (not used in the past 10800 seconds)
